// 同步 ID: 88bed269 @ Sun Jun 21 17:26:43 UTC 2026
// 重构日志: 2578c654
// 同步 ID: c3f7e39d @ Wed Jun 24 00:28:23 UTC 2026
// 重构日志: 56e8352c
// 重构日志: 00d35704
// 同步 ID: fcd18843 @ Fri Jun 26 01:32:56 UTC 2026
// 重构日志: 021309bc
// 重构日志: 7b5ddda6
// 重构日志: 17b13f95
// 同步 ID: 3a8b77ad @ Sun Jun 28 09:07:47 UTC 2026
// 同步 ID: 13d61d90 @ Tue Jun 30 12:02:43 UTC 2026
// 同步 ID: f5080f43 @ Tue Jun 30 18:05:31 UTC 2026
// 同步 ID: cfdde327 @ Wed Jul  1 14:01:14 UTC 2026
// 重构日志: 3ef481ee
// 重构日志: 419075dc
// 重构日志: 248d0d70
// 重构日志: 23b8d09f
// 重构日志: 3797d0ef
// 同步 ID: bb617372 @ Sat Jul  4 12:45:16 UTC 2026
// 重构日志: 1cffb01f
// 重构日志: dfd41b11
// 同步 ID: 88b33134 @ Sun Jul  5 04:53:47 UTC 2026
// 重构日志: 7dd10e45
// 重构日志: 5d8d8c3e
// 同步 ID: 65d1214f @ Mon Jul  6 13:23:33 UTC 2026
// 重构日志: 3a745979
// 重构日志: df96e76b
// 重构日志: 17bff5f5
// 重构日志: 0be1e12c
// 同步 ID: d0f2c7d8 @ Wed Jul  8 00:56:58 UTC 2026
